<?xml version="1.0" encoding="UTF-8"?>
<testsuite name="TestSuite" time="0.807" tests="1" errors="0" skipped="0" failures="1">
  <properties>
[...]
</properties>
  <testcase name="openNewAccount" classname="selenium.NewTest" time="0.807">
    <failure message="expected result is not actual result expected:&lt;ParaBank | Open Account&gt; but was:&lt;ParaBank | Open Account1&gt;" type="java.lang.AssertionError"><![CDATA[java.lang.AssertionError: expected result is not actual result expected:<ParaBank | Open Account> but was:<ParaBank | Open Account1>
	at org.testng.AssertJUnit.assertEquals(AssertJUnit.java:101)
	at selenium.NewTest.openNewAccount(NewTest.java:63)
]]></failure>
    <system-out>Title of the page is :ParaBank | Open Account
</system-out>
    <system-err>Starting ChromeDriver 76.0.3809.126 (d80a294506b4c9d18015e755cee48f953ddc3f2f-refs/branch-heads/3809@{#1024}) on port 4659
Only local connections are allowed.
Please protect ports used by ChromeDriver and related test frameworks to prevent access by malicious code.
[1568501162.377][WARNING]: This version of ChromeDriver has not been tested with Chrome version 77.
Sep 14, 2019 5:46:03 PM org.openqa.selenium.remote.ProtocolHandshake createSession
INFO: Detected dialect: W3C
</system-err>
  </testcase>
</testsuite>